          rank  ensemble_weight            type      cost   duration
model_id                                                            
3            1         0.200000      libsvm_svr  0.320808   5.305371
22           2         0.333333      libsvm_svr  0.321991  22.474158
140          3         0.300000      libsvm_svr  0.324704   4.707625
564          4         0.166667  ard_regression  0.325289  49.544281
auto-sklearn results:
  Dataset name: agn
  Metric: mean_absolute_error
  Best validation score: 0.320808
  Number of target algorithm runs: 671
  Number of successful target algorithm runs: 558
  Number of crashed target algorithm runs: 5
  Number of target algorithms that exceeded the time limit: 106
  Number of target algorithms that exceeded the memory limit: 2

Train R2 score: 0.5685171288592494
Test R2 score: 0.36789210792212135
Train MAE score: 0.2994760681412725
Test MAE score: 0.34481758373493904
Train RMSE score: 0.4353011921219972
Test RMSE score: 0.5541453759606949
