          rank  ensemble_weight            type      cost   duration
model_id                                                            
544          1         0.366667  ard_regression  0.455116  54.482497
270          2         0.166667      libsvm_svr  0.455332   4.910392
378          3         0.166667             mlp  0.456408   5.647355
344          4         0.300000     extra_trees  0.456671  36.818815
auto-sklearn results:
  Dataset name: agn
  Metric: root_mean_squared_error
  Best validation score: 0.455116
  Number of target algorithm runs: 746
  Number of successful target algorithm runs: 639
  Number of crashed target algorithm runs: 4
  Number of target algorithms that exceeded the time limit: 101
  Number of target algorithms that exceeded the memory limit: 2

Train R2 score: 0.6214996942850777
Test R2 score: 0.40488371559366654
Train MAE score: 0.29041844311293247
Test MAE score: 0.33521342313126445
Train RMSE score: 0.40770045287879303
Test RMSE score: 0.5376863661215673
